Traceback (most recent call last):
  File "/Users/clemens10/miniconda3/lib/python3.7/site-packages/jupyter_cache/executors/utils.py", line 56, in single_nb_execution
    record_timing=False,
  File "/Users/clemens10/miniconda3/lib/python3.7/site-packages/nbclient/client.py", line 1112, in execute
    return NotebookClient(nb=nb, resources=resources, km=km, **kwargs).execute()
  File "/Users/clemens10/miniconda3/lib/python3.7/site-packages/nbclient/util.py", line 74, in wrapped
    return just_run(coro(*args, **kwargs))
  File "/Users/clemens10/miniconda3/lib/python3.7/site-packages/nbclient/util.py", line 53, in just_run
    return loop.run_until_complete(coro)
  File "/Users/clemens10/miniconda3/lib/python3.7/asyncio/base_events.py", line 583, in run_until_complete
    return future.result()
  File "/Users/clemens10/miniconda3/lib/python3.7/site-packages/nbclient/client.py", line 554, in async_execute
    cell, index, execution_count=self.code_cells_executed + 1
  File "/Users/clemens10/miniconda3/lib/python3.7/site-packages/nbclient/client.py", line 857, in async_execute_cell
    self._check_raise_for_error(cell, exec_reply)
  File "/Users/clemens10/miniconda3/lib/python3.7/site-packages/nbclient/client.py", line 760, in _check_raise_for_error
    raise CellExecutionError.from_cell_and_msg(cell, exec_reply_content)
nbclient.exceptions.CellExecutionError: An error occurred while executing the following cell:
------------------
noise_clip = recording[:150_000]
x_nr = nr.reduce_noise(audio_clip=recording, noise_clip=noise_clip, verbose=False)

------------------

[0;31m---------------------------------------------------------------------------[0m
[0;31mTypeError[0m                                 Traceback (most recent call last)
[0;32m<ipython-input-3-33870f7330ff>[0m in [0;36m<module>[0;34m[0m
[1;32m      1[0m [0mnoise_clip[0m [0;34m=[0m [0mrecording[0m[0;34m[[0m[0;34m:[0m[0;36m150_000[0m[0;34m][0m[0;34m[0m[0;34m[0m[0m
[0;32m----> 2[0;31m [0mx_nr[0m [0;34m=[0m [0mnr[0m[0;34m.[0m[0mreduce_noise[0m[0;34m([0m[0maudio_clip[0m[0;34m=[0m[0mrecording[0m[0;34m,[0m [0mnoise_clip[0m[0;34m=[0m[0mnoise_clip[0m[0;34m,[0m [0mverbose[0m[0;34m=[0m[0;32mFalse[0m[0;34m)[0m[0;34m[0m[0;34m[0m[0m
[0m
[0;31mTypeError[0m: reduce_noise() got an unexpected keyword argument 'audio_clip'
TypeError: reduce_noise() got an unexpected keyword argument 'audio_clip'

